<?xml version="1.0" encoding="UTF-8"?>
<testng-results skipped="0" failed="0" ignored="0" total="1" passed="1">
  <reporter-output>
  </reporter-output>
  <suite name="Default suite" duration-ms="19027" started-at="2020-03-30T02:31:52 EDT" finished-at="2020-03-30T02:32:11 EDT">
    <groups>
    </groups>
    <test name="Default test" duration-ms="19027" started-at="2020-03-30T02:31:52 EDT" finished-at="2020-03-30T02:32:11 EDT">
      <class name="Final1.testng">
        <test-method status="PASS" signature="shamim()[pri:0, instance:Final1.testng@3b084709]" name="shamim" duration-ms="18988" started-at="2020-03-30T02:31:52 EDT" finished-at="2020-03-30T02:32:11 EDT">
          <reporter-output>
          </reporter-output>
        </test-method> <!-- shamim -->
      </class> <!-- Final1.testng -->
    </test> <!-- Default test -->
  </suite> <!-- Default suite -->
</testng-results>
